app/build/intermediates/manifest_merge_blame_file/debug/manifest-merger-blame-debug-report.txt
1<?xml version="1.0" encoding="utf-8"?>
2<manifest xmlns:android="http://schemas.android.com/apk/res/android"
3    package="com.sample.ai_unicorn"
4    android:versionCode="1"
5    android:versionName="1.0" >
6
7    <uses-sdk
8        android:minSdkVersion="17"
8-->src\main\AndroidManifest.xml
9        android:targetSdkVersion="30" />
9-->src\main\AndroidManifest.xml
10
11    <uses-permission android:name="android.permission.INTERNET" />
11-->src\main\AndroidManifest.xml:5:5-66
11-->src\main\AndroidManifest.xml:5:22-64
12    <uses-permission android:name="android.permission.ACCESS_FINE_LOCATION" />
12-->src\main\AndroidManifest.xml:6:5-78
12-->src\main\AndroidManifest.xml:6:22-76
13    <uses-permission android:name="android.permission.ACCESS_COARSE_LOCATION" />
13-->src\main\AndroidManifest.xml:7:5-80
13-->src\main\AndroidManifest.xml:7:22-78
14    <uses-permission android:name="android.permission.READ_EXTERNAL_STORAGE" />
14-->src\main\AndroidManifest.xml:8:5-79
14-->src\main\AndroidManifest.xml:8:22-77
15    <uses-permission android:name="android.permission.WAKE_LOCK" />
15-->src\main\AndroidManifest.xml:9:5-67
15-->src\main\AndroidManifest.xml:9:22-65
16    <uses-permission android:name="android.permission.ACCESS_NETWORK_STATE" />
16-->src\main\AndroidManifest.xml:10:5-78
16-->src\main\AndroidManifest.xml:10:22-76
17
18    <uses-feature
18-->[com.google.android.gms:play-services-maps:17.0.0] AndroidManifest.xml:26:5-28:35
19        android:glEsVersion="0x00020000"
19-->[com.google.android.gms:play-services-maps:17.0.0] AndroidManifest.xml:27:9-41
20        android:required="true" />
20-->[com.google.android.gms:play-services-maps:17.0.0] AndroidManifest.xml:28:9-32
21
22    <application
22-->src\main\AndroidManifest.xml:12:5-38:19
23        android:allowBackup="true"
23-->src\main\AndroidManifest.xml:13:9-35
24        android:appComponentFactory="androidx.core.app.CoreComponentFactory"
24-->[androidx.core:core:1.3.1] AndroidManifest.xml:24:18-86
25        android:debuggable="true"
26        android:icon="@mipmap/ic_launcher"
26-->src\main\AndroidManifest.xml:14:9-43
27        android:label="@string/app_name"
27-->src\main\AndroidManifest.xml:15:9-41
28        android:roundIcon="@mipmap/ic_launcher_round"
28-->src\main\AndroidManifest.xml:16:9-54
29        android:supportsRtl="true"
29-->src\main\AndroidManifest.xml:17:9-35
30        android:testOnly="true"
31        android:theme="@style/AppTheme" >
31-->src\main\AndroidManifest.xml:18:9-40
32        <meta-data
32-->src\main\AndroidManifest.xml:20:9-22:70
33            android:name="com.google.android.geo.API_KEY"
33-->src\main\AndroidManifest.xml:21:13-58
34            android:value="AIzaSyAXqDxNa1yXOcI_RyHVX8u5FeZtQl6_Vpk" />
34-->src\main\AndroidManifest.xml:22:13-68
35
36        <activity android:name="com.sample.ai_unicorn.MainActivity" >
36-->src\main\AndroidManifest.xml:23:9-24:20
36-->src\main\AndroidManifest.xml:23:19-47
37        </activity>
38        <activity android:name="com.sample.ai_unicorn.test" />
38-->src\main\AndroidManifest.xml:25:9-41
38-->src\main\AndroidManifest.xml:25:19-39
39        <activity android:name="com.sample.ai_unicorn.Description" />
39-->src\main\AndroidManifest.xml:26:9-48
39-->src\main\AndroidManifest.xml:26:19-46
40        <activity android:name="com.sample.ai_unicorn.request" />
40-->src\main\AndroidManifest.xml:27:9-44
40-->src\main\AndroidManifest.xml:27:19-42
41        <activity android:name="com.sample.ai_unicorn.Option" />
41-->src\main\AndroidManifest.xml:28:9-43
41-->src\main\AndroidManifest.xml:28:19-41
42        <activity android:name="com.sample.ai_unicorn.Progress" />
42-->src\main\AndroidManifest.xml:29:9-45
42-->src\main\AndroidManifest.xml:29:19-43
43        <activity
43-->src\main\AndroidManifest.xml:30:9-36:20
44            android:name="com.sample.ai_unicorn.Intro"
44-->src\main\AndroidManifest.xml:30:19-40
45            android:theme="@android:style/Theme.NoTitleBar" >
45-->src\main\AndroidManifest.xml:30:41-88
46            <intent-filter>
46-->src\main\AndroidManifest.xml:31:13-35:29
47                <action android:name="android.intent.action.MAIN" />
47-->src\main\AndroidManifest.xml:32:17-69
47-->src\main\AndroidManifest.xml:32:25-66
48
49                <category android:name="android.intent.category.LAUNCHER" />
49-->src\main\AndroidManifest.xml:34:17-77
49-->src\main\AndroidManifest.xml:34:27-74
50            </intent-filter>
51        </activity>
52
53        <service android:name="org.eclipse.paho.android.service.MqttService" />
53-->src\main\AndroidManifest.xml:37:9-79
53-->src\main\AndroidManifest.xml:37:18-77
54        <!-- Needs to be explicitly declared on P+ -->
55        <uses-library
55-->[com.google.android.gms:play-services-maps:17.0.0] AndroidManifest.xml:33:9-35:40
56            android:name="org.apache.http.legacy"
56-->[com.google.android.gms:play-services-maps:17.0.0] AndroidManifest.xml:34:13-50
57            android:required="false" />
57-->[com.google.android.gms:play-services-maps:17.0.0] AndroidManifest.xml:35:13-37
58
59        <activity
59-->[com.google.android.gms:play-services-base:17.0.0] AndroidManifest.xml:23:9-26:75
60            android:name="com.google.android.gms.common.api.GoogleApiActivity"
60-->[com.google.android.gms:play-services-base:17.0.0] AndroidManifest.xml:24:13-79
61            android:exported="false"
61-->[com.google.android.gms:play-services-base:17.0.0] AndroidManifest.xml:25:13-37
62            android:theme="@android:style/Theme.Translucent.NoTitleBar" />
62-->[com.google.android.gms:play-services-base:17.0.0] AndroidManifest.xml:26:13-72
63
64        <meta-data
64-->[com.google.android.gms:play-services-basement:17.0.0] AndroidManifest.xml:23:9-25:69
65            android:name="com.google.android.gms.version"
65-->[com.google.android.gms:play-services-basement:17.0.0] AndroidManifest.xml:24:13-58
66            android:value="@integer/google_play_services_version" />
66-->[com.google.android.gms:play-services-basement:17.0.0] AndroidManifest.xml:25:13-66
67    </application>
68
69</manifest>